<?xml version="1.0" encoding="UTF-8"?>
<testng-results ignored="0" total="7" passed="7" failed="0" skipped="0">
  <reporter-output>
  </reporter-output>
  <suite started-at="2022-10-11T23:46:55 IST" name="Default suite" finished-at="2022-10-11T23:48:16 IST" duration-ms="81196">
    <groups>
    </groups>
    <test started-at="2022-10-11T23:46:55 IST" name="Default test" finished-at="2022-10-11T23:48:16 IST" duration-ms="81196">
      <class name="com.Testing.FlipkartTestChrome">
        <test-method is-config="true" signature="beforeClass()[pri:0, instance:com.Testing.FlipkartTestChrome@26794848]" started-at="2022-10-11T23:46:55 IST" name="beforeClass" finished-at="2022-10-11T23:47:41 IST" duration-ms="46540" status="PASS">
          <reporter-output>
          </reporter-output>
        </test-method> <!-- beforeClass -->
        <test-method signature="closeLogin()[pri:1, instance:com.Testing.FlipkartTestChrome@26794848]" started-at="2022-10-11T23:47:41 IST" name="closeLogin" finished-at="2022-10-11T23:47:43 IST" duration-ms="1222" status="PASS">
          <reporter-output>
          </reporter-output>
        </test-method> <!-- closeLogin -->
        <test-method signature="scroll()[pri:2, instance:com.Testing.FlipkartTestChrome@26794848]" started-at="2022-10-11T23:47:43 IST" name="scroll" finished-at="2022-10-11T23:47:49 IST" duration-ms="6106" status="PASS">
          <reporter-output>
          </reporter-output>
        </test-method> <!-- scroll -->
        <test-method signature="searchProduct()[pri:3, instance:com.Testing.FlipkartTestChrome@26794848]" started-at="2022-10-11T23:47:49 IST" name="searchProduct" finished-at="2022-10-11T23:47:54 IST" duration-ms="5478" status="PASS">
          <reporter-output>
          </reporter-output>
        </test-method> <!-- searchProduct -->
        <test-method signature="loadImage()[pri:4, instance:com.Testing.FlipkartTestChrome@26794848]" started-at="2022-10-11T23:47:54 IST" name="loadImage" finished-at="2022-10-11T23:48:06 IST" duration-ms="11953" status="PASS">
          <reporter-output>
          </reporter-output>
        </test-method> <!-- loadImage -->
        <test-method signature="scrollFrequency()[pri:5, instance:com.Testing.FlipkartTestChrome@26794848]" started-at="2022-10-11T23:48:06 IST" name="scrollFrequency" finished-at="2022-10-11T23:48:08 IST" duration-ms="2079" status="PASS">
          <reporter-output>
          </reporter-output>
        </test-method> <!-- scrollFrequency -->
        <test-method signature="downloadImages()[pri:6, instance:com.Testing.FlipkartTestChrome@26794848]" started-at="2022-10-11T23:48:08 IST" name="downloadImages" finished-at="2022-10-11T23:48:08 IST" duration-ms="29" status="PASS">
          <reporter-output>
          </reporter-output>
        </test-method> <!-- downloadImages -->
        <test-method signature="screenResolution()[pri:7, instance:com.Testing.FlipkartTestChrome@26794848]" started-at="2022-10-11T23:48:08 IST" name="screenResolution" finished-at="2022-10-11T23:48:16 IST" duration-ms="7731" status="PASS">
          <reporter-output>
          </reporter-output>
        </test-method> <!-- screenResolution -->
        <test-method is-config="true" signature="afterClass()[pri:0, instance:com.Testing.FlipkartTestChrome@26794848]" started-at="2022-10-11T23:48:16 IST" name="afterClass" finished-at="2022-10-11T23:48:16 IST" duration-ms="1" status="PASS">
          <reporter-output>
          </reporter-output>
        </test-method> <!-- afterClass -->
      </class> <!-- com.Testing.FlipkartTestChrome -->
    </test> <!-- Default test -->
  </suite> <!-- Default suite -->
</testng-results>
