<?xml version="1.0" encoding="UTF-8"?>
<!-- Generated by org.testng.reporters.JUnitXMLReporter -->
<testsuite ignored="0" hostname="DESKTOP-RGRUOBH" failures="0" tests="7" name="Default test" time="81.196" errors="0" timestamp="2022-10-11T23:48:16 IST">
  <testcase classname="com.Testing.FlipkartTestChrome" name="closeLogin" time="1.222"/>
  <testcase classname="com.Testing.FlipkartTestChrome" name="scroll" time="6.106"/>
  <testcase classname="com.Testing.FlipkartTestChrome" name="searchProduct" time="5.478"/>
  <testcase classname="com.Testing.FlipkartTestChrome" name="loadImage" time="11.953"/>
  <testcase classname="com.Testing.FlipkartTestChrome" name="scrollFrequency" time="2.079"/>
  <testcase classname="com.Testing.FlipkartTestChrome" name="downloadImages" time="0.029"/>
  <testcase classname="com.Testing.FlipkartTestChrome" name="screenResolution" time="7.731"/>
</testsuite> <!-- Default test -->
